0:0:0:0:0:0:0:1 - - [26/Apr/2016:08:48:26 +0800] "GET /message/index HTTP/1.1" 200 3546
0:0:0:0:0:0:0:1 - - [26/Apr/2016:08:48:27 +0800] "GET /js/message.js HTTP/1.1" 200 1046
0:0:0:0:0:0:0:1 - - [26/Apr/2016:08:48:27 +0800] "GET /css/bootstrap.min.css HTTP/1.1" 200 122540
0:0:0:0:0:0:0:1 - - [26/Apr/2016:08:48:27 +0800] "GET /js/bootstrap.min.js HTTP/1.1" 200 36816
0:0:0:0:0:0:0:1 - - [26/Apr/2016:08:48:27 +0800] "GET /js/jquery.min.js HTTP/1.1" 200 83606
0:0:0:0:0:0:0:1 - - [26/Apr/2016:08:48:45 +0800] "GET /message/all HTTP/1.1" 200 248
0:0:0:0:0:0:0:1 - - [26/Apr/2016:08:48:45 +0800] "GET /message/all HTTP/1.1" 200 248
0:0:0:0:0:0:0:1 - - [26/Apr/2016:08:48:46 +0800] "GET /message/all HTTP/1.1" 200 248
0:0:0:0:0:0:0:1 - - [26/Apr/2016:08:48:46 +0800] "GET /message/all HTTP/1.1" 200 248
0:0:0:0:0:0:0:1 - - [26/Apr/2016:08:48:47 +0800] "GET /message/all HTTP/1.1" 200 248
0:0:0:0:0:0:0:1 - - [26/Apr/2016:08:48:58 +0800] "GET /message/all HTTP/1.1" 200 248
0:0:0:0:0:0:0:1 - - [26/Apr/2016:08:48:58 +0800] "GET /message/all HTTP/1.1" 200 248
0:0:0:0:0:0:0:1 - - [26/Apr/2016:08:48:59 +0800] "GET /message/all HTTP/1.1" 200 248
0:0:0:0:0:0:0:1 - - [26/Apr/2016:08:49:00 +0800] "GET /message/all HTTP/1.1" 200 248
0:0:0:0:0:0:0:1 - - [26/Apr/2016:08:49:00 +0800] "GET /message/all HTTP/1.1" 200 248
0:0:0:0:0:0:0:1 - - [26/Apr/2016:08:49:06 +0800] "GET /message/updatebyid?id=1 HTTP/1.1" 200 -
0:0:0:0:0:0:0:1 - - [26/Apr/2016:08:49:08 +0800] "GET /message/updatebyid?id=1 HTTP/1.1" 200 -
0:0:0:0:0:0:0:1 - - [26/Apr/2016:08:49:11 +0800] "GET /message/updatebyid?id=1 HTTP/1.1" 200 -
0:0:0:0:0:0:0:1 - - [26/Apr/2016:08:51:45 +0800] "GET /message/index HTTP/1.1" 200 3546
0:0:0:0:0:0:0:1 - - [26/Apr/2016:08:51:45 +0800] "GET /css/bootstrap.min.css HTTP/1.1" 304 -
0:0:0:0:0:0:0:1 - - [26/Apr/2016:08:51:45 +0800] "GET /js/bootstrap.min.js HTTP/1.1" 304 -
0:0:0:0:0:0:0:1 - - [26/Apr/2016:08:51:45 +0800] "GET /js/jquery.min.js HTTP/1.1" 304 -
0:0:0:0:0:0:0:1 - - [26/Apr/2016:08:51:45 +0800] "GET /js/message.js HTTP/1.1" 304 -
0:0:0:0:0:0:0:1 - - [26/Apr/2016:08:53:46 +0800] "GET /message/all HTTP/1.1" 200 248
0:0:0:0:0:0:0:1 - - [26/Apr/2016:08:54:16 +0800] "GET /message/updatebyid?id=2 HTTP/1.1" 200 -
0:0:0:0:0:0:0:1 - - [26/Apr/2016:08:54:18 +0800] "GET /message/updatebyid?id=3 HTTP/1.1" 200 -
0:0:0:0:0:0:0:1 - - [26/Apr/2016:09:30:55 +0800] "GET /message/updatebyid?id=1 HTTP/1.1" 200 -
0:0:0:0:0:0:0:1 - - [26/Apr/2016:09:30:59 +0800] "GET /message/updatebyid?id=1 HTTP/1.1" 200 -
0:0:0:0:0:0:0:1 - - [26/Apr/2016:09:31:00 +0800] "GET /message/updatebyid?id=1 HTTP/1.1" 200 -
0:0:0:0:0:0:0:1 - - [26/Apr/2016:09:31:03 +0800] "GET /message/updatebyid?id=1 HTTP/1.1" 200 -
0:0:0:0:0:0:0:1 - - [26/Apr/2016:09:31:26 +0800] "GET /message/index HTTP/1.1" 200 3502
0:0:0:0:0:0:0:1 - - [26/Apr/2016:09:31:26 +0800] "GET /css/bootstrap.min.css HTTP/1.1" 304 -
0:0:0:0:0:0:0:1 - - [26/Apr/2016:09:31:26 +0800] "GET /js/bootstrap.min.js HTTP/1.1" 304 -
0:0:0:0:0:0:0:1 - - [26/Apr/2016:09:31:26 +0800] "GET /js/jquery.min.js HTTP/1.1" 304 -
0:0:0:0:0:0:0:1 - - [26/Apr/2016:09:31:26 +0800] "GET /js/message.js HTTP/1.1" 304 -
0:0:0:0:0:0:0:1 - - [26/Apr/2016:09:31:28 +0800] "GET /message/all HTTP/1.1" 200 248
0:0:0:0:0:0:0:1 - - [26/Apr/2016:09:31:29 +0800] "GET /message/updatebyid?id=1 HTTP/1.1" 200 -
0:0:0:0:0:0:0:1 - - [26/Apr/2016:09:31:31 +0800] "GET /message/updatebyid?id=2 HTTP/1.1" 200 -
0:0:0:0:0:0:0:1 - - [26/Apr/2016:09:31:48 +0800] "GET /message/updatebyid?id=1 HTTP/1.1" 200 -
0:0:0:0:0:0:0:1 - - [26/Apr/2016:09:33:18 +0800] "GET /message/updatebyid?id=1 HTTP/1.1" 200 -
0:0:0:0:0:0:0:1 - - [26/Apr/2016:09:33:21 +0800] "GET /message/updatebyid?id=1 HTTP/1.1" 200 -
0:0:0:0:0:0:0:1 - - [26/Apr/2016:09:33:24 +0800] "GET /message/updatebyid?id=1 HTTP/1.1" 200 -
0:0:0:0:0:0:0:1 - - [26/Apr/2016:09:33:25 +0800] "GET /message/updatebyid?id=1 HTTP/1.1" 200 -
0:0:0:0:0:0:0:1 - - [26/Apr/2016:09:33:29 +0800] "GET /message/updatebyid?id=1 HTTP/1.1" 200 -
0:0:0:0:0:0:0:1 - - [26/Apr/2016:09:34:20 +0800] "GET /message/index HTTP/1.1" 500 375
0:0:0:0:0:0:0:1 - - [26/Apr/2016:09:34:58 +0800] "GET /message/index HTTP/1.1" 200 3546
0:0:0:0:0:0:0:1 - - [26/Apr/2016:09:34:58 +0800] "GET /js/jquery.min.js HTTP/1.1" 304 -
0:0:0:0:0:0:0:1 - - [26/Apr/2016:09:34:58 +0800] "GET /css/bootstrap.min.css HTTP/1.1" 304 -
0:0:0:0:0:0:0:1 - - [26/Apr/2016:09:34:58 +0800] "GET /js/bootstrap.min.js HTTP/1.1" 304 -
0:0:0:0:0:0:0:1 - - [26/Apr/2016:09:34:58 +0800] "GET /js/message.js HTTP/1.1" 304 -
0:0:0:0:0:0:0:1 - - [26/Apr/2016:09:35:01 +0800] "GET /message/all HTTP/1.1" 200 248
0:0:0:0:0:0:0:1 - - [26/Apr/2016:09:35:08 +0800] "GET /message/updatebyid?id=1 HTTP/1.1" 200 -
0:0:0:0:0:0:0:1 - - [26/Apr/2016:09:36:22 +0800] "GET /message/index HTTP/1.1" 200 3532
0:0:0:0:0:0:0:1 - - [26/Apr/2016:09:36:22 +0800] "GET /js/jquery.min.js HTTP/1.1" 304 -
0:0:0:0:0:0:0:1 - - [26/Apr/2016:09:36:22 +0800] "GET /js/message.js HTTP/1.1" 304 -
0:0:0:0:0:0:0:1 - - [26/Apr/2016:09:36:22 +0800] "GET /js/bootstrap.min.js HTTP/1.1" 304 -
0:0:0:0:0:0:0:1 - - [26/Apr/2016:09:36:22 +0800] "GET /css/bootstrap.min.css HTTP/1.1" 304 -
0:0:0:0:0:0:0:1 - - [26/Apr/2016:09:36:23 +0800] "GET /message/index HTTP/1.1" 200 3532
0:0:0:0:0:0:0:1 - - [26/Apr/2016:09:36:23 +0800] "GET /css/bootstrap.min.css HTTP/1.1" 304 -
0:0:0:0:0:0:0:1 - - [26/Apr/2016:09:36:23 +0800] "GET /js/jquery.min.js HTTP/1.1" 304 -
0:0:0:0:0:0:0:1 - - [26/Apr/2016:09:36:23 +0800] "GET /js/bootstrap.min.js HTTP/1.1" 304 -
0:0:0:0:0:0:0:1 - - [26/Apr/2016:09:36:23 +0800] "GET /js/message.js HTTP/1.1" 304 -
0:0:0:0:0:0:0:1 - - [26/Apr/2016:09:36:23 +0800] "GET /message/all HTTP/1.1" 200 248
0:0:0:0:0:0:0:1 - - [26/Apr/2016:09:36:25 +0800] "GET /message/updatebyid?id=1 HTTP/1.1" 200 -
0:0:0:0:0:0:0:1 - - [26/Apr/2016:09:36:33 +0800] "GET /message/index HTTP/1.1" 200 3546
0:0:0:0:0:0:0:1 - - [26/Apr/2016:09:36:33 +0800] "GET /js/message.js HTTP/1.1" 304 -
0:0:0:0:0:0:0:1 - - [26/Apr/2016:09:36:33 +0800] "GET /js/jquery.min.js HTTP/1.1" 304 -
0:0:0:0:0:0:0:1 - - [26/Apr/2016:09:36:33 +0800] "GET /css/bootstrap.min.css HTTP/1.1" 304 -
0:0:0:0:0:0:0:1 - - [26/Apr/2016:09:36:33 +0800] "GET /js/bootstrap.min.js HTTP/1.1" 304 -
0:0:0:0:0:0:0:1 - - [26/Apr/2016:09:36:34 +0800] "GET /message/all HTTP/1.1" 200 248
0:0:0:0:0:0:0:1 - - [26/Apr/2016:09:36:35 +0800] "GET /message/updatebyid?id=1 HTTP/1.1" 200 -
0:0:0:0:0:0:0:1 - - [26/Apr/2016:09:37:08 +0800] "GET /message/index HTTP/1.1" 200 3529
0:0:0:0:0:0:0:1 - - [26/Apr/2016:09:37:08 +0800] "GET /js/jquery.min.js HTTP/1.1" 304 -
0:0:0:0:0:0:0:1 - - [26/Apr/2016:09:37:08 +0800] "GET /js/bootstrap.min.js HTTP/1.1" 304 -
0:0:0:0:0:0:0:1 - - [26/Apr/2016:09:37:08 +0800] "GET /js/message.js HTTP/1.1" 304 -
0:0:0:0:0:0:0:1 - - [26/Apr/2016:09:37:08 +0800] "GET /css/bootstrap.min.css HTTP/1.1" 304 -
0:0:0:0:0:0:0:1 - - [26/Apr/2016:09:37:09 +0800] "GET /message/all HTTP/1.1" 200 248
0:0:0:0:0:0:0:1 - - [26/Apr/2016:09:37:10 +0800] "GET /message/updatebyid?id=1 HTTP/1.1" 200 -
0:0:0:0:0:0:0:1 - - [26/Apr/2016:09:37:10 +0800] "GET /message/updatebyid?id=1 HTTP/1.1" 200 -
0:0:0:0:0:0:0:1 - - [26/Apr/2016:10:07:17 +0800] "GET /message/index HTTP/1.1" 200 3546
0:0:0:0:0:0:0:1 - - [26/Apr/2016:10:07:17 +0800] "GET /css/bootstrap.min.css HTTP/1.1" 304 -
0:0:0:0:0:0:0:1 - - [26/Apr/2016:10:07:17 +0800] "GET /js/bootstrap.min.js HTTP/1.1" 304 -
0:0:0:0:0:0:0:1 - - [26/Apr/2016:10:07:17 +0800] "GET /js/jquery.min.js HTTP/1.1" 304 -
0:0:0:0:0:0:0:1 - - [26/Apr/2016:10:07:17 +0800] "GET /js/message.js HTTP/1.1" 200 1305
0:0:0:0:0:0:0:1 - - [26/Apr/2016:10:07:35 +0800] "GET /message/index HTTP/1.1" 200 3546
0:0:0:0:0:0:0:1 - - [26/Apr/2016:10:07:35 +0800] "GET /js/jquery.min.js HTTP/1.1" 304 -
0:0:0:0:0:0:0:1 - - [26/Apr/2016:10:07:35 +0800] "GET /js/message.js HTTP/1.1" 200 1309
0:0:0:0:0:0:0:1 - - [26/Apr/2016:10:07:35 +0800] "GET /js/bootstrap.min.js HTTP/1.1" 304 -
0:0:0:0:0:0:0:1 - - [26/Apr/2016:10:07:35 +0800] "GET /css/bootstrap.min.css HTTP/1.1" 304 -
0:0:0:0:0:0:0:1 - - [26/Apr/2016:10:07:36 +0800] "GET /message/all HTTP/1.1" 200 248
0:0:0:0:0:0:0:1 - - [26/Apr/2016:10:07:38 +0800] "GET /message/updatebyid?id=1 HTTP/1.1" 200 -
0:0:0:0:0:0:0:1 - - [26/Apr/2016:10:08:02 +0800] "GET /message/index HTTP/1.1" 200 3546
0:0:0:0:0:0:0:1 - - [26/Apr/2016:10:08:02 +0800] "GET /css/bootstrap.min.css HTTP/1.1" 304 -
0:0:0:0:0:0:0:1 - - [26/Apr/2016:10:08:02 +0800] "GET /js/jquery.min.js HTTP/1.1" 304 -
0:0:0:0:0:0:0:1 - - [26/Apr/2016:10:08:02 +0800] "GET /js/bootstrap.min.js HTTP/1.1" 304 -
0:0:0:0:0:0:0:1 - - [26/Apr/2016:10:08:02 +0800] "GET /js/message.js HTTP/1.1" 200 1306
0:0:0:0:0:0:0:1 - - [26/Apr/2016:10:15:47 +0800] "GET /message/index HTTP/1.1" 200 3546
0:0:0:0:0:0:0:1 - - [26/Apr/2016:10:15:47 +0800] "GET /css/bootstrap.min.css HTTP/1.1" 304 -
0:0:0:0:0:0:0:1 - - [26/Apr/2016:10:15:47 +0800] "GET /js/message.js HTTP/1.1" 200 1334
0:0:0:0:0:0:0:1 - - [26/Apr/2016:10:15:47 +0800] "GET /js/jquery.min.js HTTP/1.1" 304 -
0:0:0:0:0:0:0:1 - - [26/Apr/2016:10:15:47 +0800] "GET /js/bootstrap.min.js HTTP/1.1" 304 -
0:0:0:0:0:0:0:1 - - [26/Apr/2016:10:16:02 +0800] "GET /message/index HTTP/1.1" 200 3546
0:0:0:0:0:0:0:1 - - [26/Apr/2016:10:16:02 +0800] "GET /js/jquery.min.js HTTP/1.1" 304 -
0:0:0:0:0:0:0:1 - - [26/Apr/2016:10:16:02 +0800] "GET /js/bootstrap.min.js HTTP/1.1" 304 -
0:0:0:0:0:0:0:1 - - [26/Apr/2016:10:16:02 +0800] "GET /js/message.js HTTP/1.1" 200 1374
0:0:0:0:0:0:0:1 - - [26/Apr/2016:10:16:02 +0800] "GET /css/bootstrap.min.css HTTP/1.1" 304 -
0:0:0:0:0:0:0:1 - - [26/Apr/2016:10:21:23 +0800] "GET /message/index HTTP/1.1" 200 3546
0:0:0:0:0:0:0:1 - - [26/Apr/2016:10:21:23 +0800] "GET /css/bootstrap.min.css HTTP/1.1" 304 -
0:0:0:0:0:0:0:1 - - [26/Apr/2016:10:21:23 +0800] "GET /js/bootstrap.min.js HTTP/1.1" 304 -
0:0:0:0:0:0:0:1 - - [26/Apr/2016:10:21:23 +0800] "GET /js/message.js HTTP/1.1" 200 1440
0:0:0:0:0:0:0:1 - - [26/Apr/2016:10:21:23 +0800] "GET /js/jquery.min.js HTTP/1.1" 304 -
0:0:0:0:0:0:0:1 - - [26/Apr/2016:10:21:26 +0800] "GET /message/index HTTP/1.1" 200 3546
0:0:0:0:0:0:0:1 - - [26/Apr/2016:10:21:26 +0800] "GET /js/jquery.min.js HTTP/1.1" 304 -
0:0:0:0:0:0:0:1 - - [26/Apr/2016:10:21:26 +0800] "GET /css/bootstrap.min.css HTTP/1.1" 304 -
0:0:0:0:0:0:0:1 - - [26/Apr/2016:10:21:26 +0800] "GET /js/message.js HTTP/1.1" 304 -
0:0:0:0:0:0:0:1 - - [26/Apr/2016:10:21:26 +0800] "GET /js/bootstrap.min.js HTTP/1.1" 304 -
0:0:0:0:0:0:0:1 - - [26/Apr/2016:10:29:26 +0800] "GET /message/index HTTP/1.1" 200 3546
0:0:0:0:0:0:0:1 - - [26/Apr/2016:10:29:26 +0800] "GET /css/bootstrap.min.css HTTP/1.1" 304 -
0:0:0:0:0:0:0:1 - - [26/Apr/2016:10:29:26 +0800] "GET /js/jquery.min.js HTTP/1.1" 304 -
0:0:0:0:0:0:0:1 - - [26/Apr/2016:10:29:26 +0800] "GET /js/bootstrap.min.js HTTP/1.1" 304 -
0:0:0:0:0:0:0:1 - - [26/Apr/2016:10:29:26 +0800] "GET /js/message.js HTTP/1.1" 200 1380
0:0:0:0:0:0:0:1 - - [26/Apr/2016:10:29:41 +0800] "GET /message/index HTTP/1.1" 200 3546
0:0:0:0:0:0:0:1 - - [26/Apr/2016:10:29:41 +0800] "GET /js/jquery.min.js HTTP/1.1" 304 -
0:0:0:0:0:0:0:1 - - [26/Apr/2016:10:29:41 +0800] "GET /css/bootstrap.min.css HTTP/1.1" 304 -
0:0:0:0:0:0:0:1 - - [26/Apr/2016:10:29:41 +0800] "GET /js/bootstrap.min.js HTTP/1.1" 304 -
0:0:0:0:0:0:0:1 - - [26/Apr/2016:10:29:41 +0800] "GET /js/message.js HTTP/1.1" 200 1384
0:0:0:0:0:0:0:1 - - [26/Apr/2016:10:29:43 +0800] "GET /message/all HTTP/1.1" 200 248
0:0:0:0:0:0:0:1 - - [26/Apr/2016:10:29:44 +0800] "GET /message/updatebyid?id=1 HTTP/1.1" 200 -
0:0:0:0:0:0:0:1 - - [26/Apr/2016:10:35:24 +0800] "GET /message/index HTTP/1.1" 200 3546
0:0:0:0:0:0:0:1 - - [26/Apr/2016:10:35:24 +0800] "GET /js/bootstrap.min.js HTTP/1.1" 304 -
0:0:0:0:0:0:0:1 - - [26/Apr/2016:10:35:24 +0800] "GET /js/jquery.min.js HTTP/1.1" 304 -
0:0:0:0:0:0:0:1 - - [26/Apr/2016:10:35:24 +0800] "GET /js/message.js HTTP/1.1" 304 -
0:0:0:0:0:0:0:1 - - [26/Apr/2016:10:35:24 +0800] "GET /css/bootstrap.min.css HTTP/1.1" 304 -
0:0:0:0:0:0:0:1 - - [26/Apr/2016:10:35:26 +0800] "GET /message/all HTTP/1.1" 200 248
0:0:0:0:0:0:0:1 - - [26/Apr/2016:10:35:27 +0800] "GET /message/updatebyid?id=1 HTTP/1.1" 200 -
0:0:0:0:0:0:0:1 - - [26/Apr/2016:10:36:09 +0800] "GET /message/updatebyid?id=1 HTTP/1.1" 200 -
0:0:0:0:0:0:0:1 - - [26/Apr/2016:10:36:20 +0800] "GET /message/updatebyid?id=1 HTTP/1.1" 200 -
0:0:0:0:0:0:0:1 - - [26/Apr/2016:10:36:22 +0800] "GET /message/updatebyid?id=1 HTTP/1.1" 200 -
0:0:0:0:0:0:0:1 - - [26/Apr/2016:19:59:15 +0800] "GET /message/index HTTP/1.1" 200 3546
0:0:0:0:0:0:0:1 - - [26/Apr/2016:19:59:16 +0800] "GET /js/jquery.min.js HTTP/1.1" 200 83606
0:0:0:0:0:0:0:1 - - [26/Apr/2016:19:59:16 +0800] "GET /js/bootstrap.min.js HTTP/1.1" 200 36816
0:0:0:0:0:0:0:1 - - [26/Apr/2016:19:59:16 +0800] "GET /css/bootstrap.min.css HTTP/1.1" 200 122540
0:0:0:0:0:0:0:1 - - [26/Apr/2016:19:59:16 +0800] "GET /js/message.js HTTP/1.1" 200 1384
0:0:0:0:0:0:0:1 - - [26/Apr/2016:19:59:19 +0800] "GET /message/all HTTP/1.1" 200 255
0:0:0:0:0:0:0:1 - - [26/Apr/2016:19:59:21 +0800] "GET /message/updatebyid?id=1 HTTP/1.1" 200 -
0:0:0:0:0:0:0:1 - - [26/Apr/2016:20:10:40 +0800] "GET /message/updatebyid?id=1 HTTP/1.1" 200 -
0:0:0:0:0:0:0:1 - - [26/Apr/2016:20:10:43 +0800] "GET /message/all HTTP/1.1" 200 255
0:0:0:0:0:0:0:1 - - [26/Apr/2016:20:10:44 +0800] "GET /message/all HTTP/1.1" 200 255
0:0:0:0:0:0:0:1 - - [26/Apr/2016:20:23:38 +0800] "GET /message/index HTTP/1.1" 200 3546
0:0:0:0:0:0:0:1 - - [26/Apr/2016:20:23:38 +0800] "GET /css/bootstrap.min.css HTTP/1.1" 304 -
0:0:0:0:0:0:0:1 - - [26/Apr/2016:20:23:38 +0800] "GET /js/bootstrap.min.js HTTP/1.1" 200 36816
0:0:0:0:0:0:0:1 - - [26/Apr/2016:20:23:38 +0800] "GET /js/message.js HTTP/1.1" 200 1384
0:0:0:0:0:0:0:1 - - [26/Apr/2016:20:23:38 +0800] "GET /js/jquery.min.js HTTP/1.1" 200 83606
0:0:0:0:0:0:0:1 - - [26/Apr/2016:20:23:39 +0800] "GET /message/index HTTP/1.1" 200 3546
0:0:0:0:0:0:0:1 - - [26/Apr/2016:20:23:39 +0800] "GET /css/bootstrap.min.css HTTP/1.1" 304 -
0:0:0:0:0:0:0:1 - - [26/Apr/2016:20:23:39 +0800] "GET /js/message.js HTTP/1.1" 304 -
0:0:0:0:0:0:0:1 - - [26/Apr/2016:20:23:39 +0800] "GET /js/jquery.min.js HTTP/1.1" 304 -
0:0:0:0:0:0:0:1 - - [26/Apr/2016:20:23:39 +0800] "GET /js/bootstrap.min.js HTTP/1.1" 304 -
0:0:0:0:0:0:0:1 - - [26/Apr/2016:20:23:40 +0800] "GET /message/all HTTP/1.1" 200 255
0:0:0:0:0:0:0:1 - - [26/Apr/2016:20:23:41 +0800] "GET /message/updatebyid?id=1 HTTP/1.1" 200 -
