0:0:0:0:0:0:0:1 - - [24/Apr/2016:10:38:28 +0800] "GET /weather/own/today HTTP/1.1" 404 306
0:0:0:0:0:0:0:1 - - [24/Apr/2016:10:38:46 +0800] "GET /massage/index HTTP/1.1" 404 306
0:0:0:0:0:0:0:1 - - [24/Apr/2016:10:39:33 +0800] "GET /massage/index HTTP/1.1" 404 306
0:0:0:0:0:0:0:1 - - [24/Apr/2016:10:39:33 +0800] "GET /favicon.ico HTTP/1.1" 200 946
0:0:0:0:0:0:0:1 - - [24/Apr/2016:10:40:04 +0800] "GET /massage/index HTTP/1.1" 404 306
0:0:0:0:0:0:0:1 - - [24/Apr/2016:10:40:04 +0800] "GET /favicon.ico HTTP/1.1" 200 946
0:0:0:0:0:0:0:1 - - [24/Apr/2016:10:41:57 +0800] "GET /message/indax HTTP/1.1" 404 306
0:0:0:0:0:0:0:1 - - [24/Apr/2016:10:42:02 +0800] "GET /message/index HTTP/1.1" 200 365
0:0:0:0:0:0:0:1 - - [24/Apr/2016:10:42:02 +0800] "GET /js/bootstrap.min.js HTTP/1.1" 200 36816
0:0:0:0:0:0:0:1 - - [24/Apr/2016:10:42:02 +0800] "GET /css/bootstrap.min.css HTTP/1.1" 200 122540
0:0:0:0:0:0:0:1 - - [24/Apr/2016:10:42:02 +0800] "GET /js/jquery.min.js HTTP/1.1" 200 83606
0:0:0:0:0:0:0:1 - - [24/Apr/2016:10:44:16 +0800] "GET /message/index HTTP/1.1" 200 1265
0:0:0:0:0:0:0:1 - - [24/Apr/2016:10:44:16 +0800] "GET /js/jquery.min.js HTTP/1.1" 304 -
0:0:0:0:0:0:0:1 - - [24/Apr/2016:10:44:16 +0800] "GET /js/bootstrap.min.js HTTP/1.1" 304 -
0:0:0:0:0:0:0:1 - - [24/Apr/2016:10:44:16 +0800] "GET /css/bootstrap.min.css HTTP/1.1" 304 -
0:0:0:0:0:0:0:1 - - [24/Apr/2016:10:46:32 +0800] "GET /message/index HTTP/1.1" 200 1182
0:0:0:0:0:0:0:1 - - [24/Apr/2016:10:46:32 +0800] "GET /css/bootstrap.min.css HTTP/1.1" 304 -
0:0:0:0:0:0:0:1 - - [24/Apr/2016:10:46:32 +0800] "GET /js/jquery.min.js HTTP/1.1" 304 -
0:0:0:0:0:0:0:1 - - [24/Apr/2016:10:46:32 +0800] "GET /js/bootstrap.min.js HTTP/1.1" 304 -
0:0:0:0:0:0:0:1 - - [24/Apr/2016:10:47:18 +0800] "GET /message/index HTTP/1.1" 200 1201
0:0:0:0:0:0:0:1 - - [24/Apr/2016:10:47:18 +0800] "GET /js/bootstrap.min.js HTTP/1.1" 304 -
0:0:0:0:0:0:0:1 - - [24/Apr/2016:10:47:18 +0800] "GET /js/jquery.min.js HTTP/1.1" 304 -
0:0:0:0:0:0:0:1 - - [24/Apr/2016:10:47:18 +0800] "GET /css/bootstrap.min.css HTTP/1.1" 304 -
0:0:0:0:0:0:0:1 - - [24/Apr/2016:10:47:19 +0800] "GET /message/index HTTP/1.1" 200 1201
0:0:0:0:0:0:0:1 - - [24/Apr/2016:10:47:19 +0800] "GET /css/bootstrap.min.css HTTP/1.1" 304 -
0:0:0:0:0:0:0:1 - - [24/Apr/2016:10:47:19 +0800] "GET /js/jquery.min.js HTTP/1.1" 304 -
0:0:0:0:0:0:0:1 - - [24/Apr/2016:10:47:19 +0800] "GET /js/bootstrap.min.js HTTP/1.1" 304 -
0:0:0:0:0:0:0:1 - - [24/Apr/2016:10:47:40 +0800] "GET /message/index HTTP/1.1" 200 1202
0:0:0:0:0:0:0:1 - - [24/Apr/2016:10:47:40 +0800] "GET /css/bootstrap.min.css HTTP/1.1" 304 -
0:0:0:0:0:0:0:1 - - [24/Apr/2016:10:47:40 +0800] "GET /js/bootstrap.min.js HTTP/1.1" 304 -
0:0:0:0:0:0:0:1 - - [24/Apr/2016:10:47:40 +0800] "GET /js/jquery.min.js HTTP/1.1" 304 -
0:0:0:0:0:0:0:1 - - [24/Apr/2016:10:48:37 +0800] "GET /message/index HTTP/1.1" 200 915
0:0:0:0:0:0:0:1 - - [24/Apr/2016:10:48:37 +0800] "GET /js/jquery.min.js HTTP/1.1" 304 -
0:0:0:0:0:0:0:1 - - [24/Apr/2016:10:48:37 +0800] "GET /js/bootstrap.min.js HTTP/1.1" 304 -
0:0:0:0:0:0:0:1 - - [24/Apr/2016:10:48:37 +0800] "GET /css/bootstrap.min.css HTTP/1.1" 304 -
0:0:0:0:0:0:0:1 - - [24/Apr/2016:10:49:57 +0800] "GET /message/index HTTP/1.1" 200 915
0:0:0:0:0:0:0:1 - - [24/Apr/2016:10:49:57 +0800] "GET /js/bootstrap.min.js HTTP/1.1" 304 -
0:0:0:0:0:0:0:1 - - [24/Apr/2016:10:49:57 +0800] "GET /css/bootstrap.min.css HTTP/1.1" 304 -
0:0:0:0:0:0:0:1 - - [24/Apr/2016:10:49:57 +0800] "GET /js/jquery.min.js HTTP/1.1" 304 -
0:0:0:0:0:0:0:1 - - [24/Apr/2016:10:50:46 +0800] "GET /message/index HTTP/1.1" 200 915
0:0:0:0:0:0:0:1 - - [24/Apr/2016:10:50:46 +0800] "GET /js/jquery.min.js HTTP/1.1" 304 -
0:0:0:0:0:0:0:1 - - [24/Apr/2016:10:50:46 +0800] "GET /js/bootstrap.min.js HTTP/1.1" 304 -
0:0:0:0:0:0:0:1 - - [24/Apr/2016:10:50:46 +0800] "GET /css/bootstrap.min.css HTTP/1.1" 304 -
0:0:0:0:0:0:0:1 - - [24/Apr/2016:10:50:51 +0800] "GET /message/index HTTP/1.1" 200 915
0:0:0:0:0:0:0:1 - - [24/Apr/2016:10:50:54 +0800] "GET /message/index HTTP/1.1" 200 915
0:0:0:0:0:0:0:1 - - [24/Apr/2016:10:50:54 +0800] "GET /css/bootstrap.min.css HTTP/1.1" 304 -
0:0:0:0:0:0:0:1 - - [24/Apr/2016:10:50:54 +0800] "GET /js/bootstrap.min.js HTTP/1.1" 304 -
0:0:0:0:0:0:0:1 - - [24/Apr/2016:10:50:54 +0800] "GET /js/jquery.min.js HTTP/1.1" 304 -
0:0:0:0:0:0:0:1 - - [24/Apr/2016:10:56:18 +0800] "GET /message/index HTTP/1.1" 200 1153
0:0:0:0:0:0:0:1 - - [24/Apr/2016:10:56:18 +0800] "GET /js/jquery.min.js HTTP/1.1" 304 -
0:0:0:0:0:0:0:1 - - [24/Apr/2016:10:56:18 +0800] "GET /js/bootstrap.min.js HTTP/1.1" 304 -
0:0:0:0:0:0:0:1 - - [24/Apr/2016:10:56:18 +0800] "GET /css/bootstrap.min.css HTTP/1.1" 304 -
0:0:0:0:0:0:0:1 - - [24/Apr/2016:10:56:33 +0800] "GET /message/index HTTP/1.1" 200 1153
0:0:0:0:0:0:0:1 - - [24/Apr/2016:10:56:33 +0800] "GET /js/bootstrap.min.js HTTP/1.1" 304 -
0:0:0:0:0:0:0:1 - - [24/Apr/2016:10:56:33 +0800] "GET /css/bootstrap.min.css HTTP/1.1" 304 -
0:0:0:0:0:0:0:1 - - [24/Apr/2016:10:56:33 +0800] "GET /js/jquery.min.js HTTP/1.1" 304 -
0:0:0:0:0:0:0:1 - - [24/Apr/2016:10:59:23 +0800] "GET /message/index HTTP/1.1" 200 1203
0:0:0:0:0:0:0:1 - - [24/Apr/2016:10:59:23 +0800] "GET /js/bootstrap.min.js HTTP/1.1" 304 -
0:0:0:0:0:0:0:1 - - [24/Apr/2016:10:59:23 +0800] "GET /js/jquery.min.js HTTP/1.1" 304 -
0:0:0:0:0:0:0:1 - - [24/Apr/2016:10:59:23 +0800] "GET /css/bootstrap.min.css HTTP/1.1" 304 -
0:0:0:0:0:0:0:1 - - [24/Apr/2016:11:03:53 +0800] "GET /message/index HTTP/1.1" 200 1274
0:0:0:0:0:0:0:1 - - [24/Apr/2016:11:03:53 +0800] "GET /js/bootstrap.min.js HTTP/1.1" 304 -
0:0:0:0:0:0:0:1 - - [24/Apr/2016:11:03:53 +0800] "GET /js/jquery.min.js HTTP/1.1" 304 -
0:0:0:0:0:0:0:1 - - [24/Apr/2016:11:03:53 +0800] "GET /css/bootstrap.min.css HTTP/1.1" 304 -
0:0:0:0:0:0:0:1 - - [24/Apr/2016:11:06:39 +0800] "GET /message/index HTTP/1.1" 200 1274
0:0:0:0:0:0:0:1 - - [24/Apr/2016:11:06:40 +0800] "GET /css/bootstrap.min.css HTTP/1.1" 200 122540
0:0:0:0:0:0:0:1 - - [24/Apr/2016:11:06:40 +0800] "GET /js/bootstrap.min.js HTTP/1.1" 200 36816
0:0:0:0:0:0:0:1 - - [24/Apr/2016:11:06:40 +0800] "GET /js/jquery.min.js HTTP/1.1" 200 83606
0:0:0:0:0:0:0:1 - - [24/Apr/2016:11:14:05 +0800] "GET /message/index HTTP/1.1" 200 1274
0:0:0:0:0:0:0:1 - - [24/Apr/2016:11:14:05 +0800] "GET /js/jquery.min.js HTTP/1.1" 304 -
0:0:0:0:0:0:0:1 - - [24/Apr/2016:11:14:05 +0800] "GET /css/bootstrap.min.css HTTP/1.1" 304 -
0:0:0:0:0:0:0:1 - - [24/Apr/2016:11:14:05 +0800] "GET /js/bootstrap.min.js HTTP/1.1" 304 -
0:0:0:0:0:0:0:1 - - [24/Apr/2016:11:15:34 +0800] "GET /message/index HTTP/1.1" 200 1274
0:0:0:0:0:0:0:1 - - [24/Apr/2016:11:15:34 +0800] "GET /css/bootstrap.min.css HTTP/1.1" 304 -
0:0:0:0:0:0:0:1 - - [24/Apr/2016:11:15:34 +0800] "GET /js/bootstrap.min.js HTTP/1.1" 304 -
0:0:0:0:0:0:0:1 - - [24/Apr/2016:11:15:34 +0800] "GET /js/jquery.min.js HTTP/1.1" 304 -
0:0:0:0:0:0:0:1 - - [24/Apr/2016:11:15:38 +0800] "GET /message/index HTTP/1.1" 200 1274
0:0:0:0:0:0:0:1 - - [24/Apr/2016:11:15:38 +0800] "GET /js/jquery.min.js HTTP/1.1" 304 -
0:0:0:0:0:0:0:1 - - [24/Apr/2016:11:15:38 +0800] "GET /css/bootstrap.min.css HTTP/1.1" 304 -
0:0:0:0:0:0:0:1 - - [24/Apr/2016:11:15:38 +0800] "GET /js/bootstrap.min.js HTTP/1.1" 304 -
0:0:0:0:0:0:0:1 - - [24/Apr/2016:11:15:39 +0800] "GET /message/index HTTP/1.1" 200 1274
0:0:0:0:0:0:0:1 - - [24/Apr/2016:11:15:39 +0800] "GET /js/jquery.min.js HTTP/1.1" 304 -
0:0:0:0:0:0:0:1 - - [24/Apr/2016:11:15:39 +0800] "GET /css/bootstrap.min.css HTTP/1.1" 304 -
0:0:0:0:0:0:0:1 - - [24/Apr/2016:11:15:39 +0800] "GET /js/bootstrap.min.js HTTP/1.1" 304 -
0:0:0:0:0:0:0:1 - - [24/Apr/2016:11:16:18 +0800] "GET /message/index HTTP/1.1" 200 1391
0:0:0:0:0:0:0:1 - - [24/Apr/2016:11:16:18 +0800] "GET /js/bootstrap.min.js HTTP/1.1" 304 -
0:0:0:0:0:0:0:1 - - [24/Apr/2016:11:16:18 +0800] "GET /js/jquery.min.js HTTP/1.1" 304 -
0:0:0:0:0:0:0:1 - - [24/Apr/2016:11:16:18 +0800] "GET /css/bootstrap.min.css HTTP/1.1" 304 -
0:0:0:0:0:0:0:1 - - [24/Apr/2016:11:18:08 +0800] "GET /message/index HTTP/1.1" 200 1466
0:0:0:0:0:0:0:1 - - [24/Apr/2016:11:18:08 +0800] "GET /css/bootstrap.min.css HTTP/1.1" 304 -
0:0:0:0:0:0:0:1 - - [24/Apr/2016:11:18:08 +0800] "GET /js/bootstrap.min.js HTTP/1.1" 304 -
0:0:0:0:0:0:0:1 - - [24/Apr/2016:11:18:08 +0800] "GET /js/jquery.min.js HTTP/1.1" 304 -
0:0:0:0:0:0:0:1 - - [24/Apr/2016:11:19:01 +0800] "GET /message/index HTTP/1.1" 200 1485
0:0:0:0:0:0:0:1 - - [24/Apr/2016:11:19:01 +0800] "GET /js/bootstrap.min.js HTTP/1.1" 304 -
0:0:0:0:0:0:0:1 - - [24/Apr/2016:11:19:01 +0800] "GET /js/jquery.min.js HTTP/1.1" 304 -
0:0:0:0:0:0:0:1 - - [24/Apr/2016:11:19:01 +0800] "GET /css/bootstrap.min.css HTTP/1.1" 304 -
0:0:0:0:0:0:0:1 - - [24/Apr/2016:12:56:22 +0800] "GET /message/index HTTP/1.1" 200 2007
0:0:0:0:0:0:0:1 - - [24/Apr/2016:12:56:22 +0800] "GET /css/bootstrap.min.css HTTP/1.1" 304 -
0:0:0:0:0:0:0:1 - - [24/Apr/2016:12:56:22 +0800] "GET /js/bootstrap.min.js HTTP/1.1" 304 -
0:0:0:0:0:0:0:1 - - [24/Apr/2016:12:57:51 +0800] "GET /message/index HTTP/1.1" 200 2010
0:0:0:0:0:0:0:1 - - [24/Apr/2016:12:57:51 +0800] "GET /js/bootstrap.min.js HTTP/1.1" 304 -
0:0:0:0:0:0:0:1 - - [24/Apr/2016:12:57:51 +0800] "GET /css/bootstrap.min.css HTTP/1.1" 304 -
0:0:0:0:0:0:0:1 - - [24/Apr/2016:12:57:51 +0800] "GET /js/jquery.min.js HTTP/1.1" 200 83606
0:0:0:0:0:0:0:1 - - [24/Apr/2016:12:57:54 +0800] "GET /message/index HTTP/1.1" 200 2010
0:0:0:0:0:0:0:1 - - [24/Apr/2016:12:57:54 +0800] "GET /css/bootstrap.min.css HTTP/1.1" 304 -
0:0:0:0:0:0:0:1 - - [24/Apr/2016:12:57:54 +0800] "GET /js/jquery.min.js HTTP/1.1" 304 -
0:0:0:0:0:0:0:1 - - [24/Apr/2016:12:57:54 +0800] "GET /js/bootstrap.min.js HTTP/1.1" 304 -
0:0:0:0:0:0:0:1 - - [24/Apr/2016:13:00:51 +0800] "GET /message/index HTTP/1.1" 200 2010
0:0:0:0:0:0:0:1 - - [24/Apr/2016:13:00:52 +0800] "GET /js/jquery.min.js HTTP/1.1" 304 -
0:0:0:0:0:0:0:1 - - [24/Apr/2016:13:00:52 +0800] "GET /js/bootstrap.min.js HTTP/1.1" 304 -
0:0:0:0:0:0:0:1 - - [24/Apr/2016:13:00:52 +0800] "GET /css/bootstrap.min.css HTTP/1.1" 304 -
0:0:0:0:0:0:0:1 - - [24/Apr/2016:13:02:18 +0800] "GET /message/index HTTP/1.1" 200 1760
0:0:0:0:0:0:0:1 - - [24/Apr/2016:13:02:18 +0800] "GET /css/bootstrap.min.css HTTP/1.1" 304 -
0:0:0:0:0:0:0:1 - - [24/Apr/2016:13:02:18 +0800] "GET /js/jquery.min.js HTTP/1.1" 304 -
0:0:0:0:0:0:0:1 - - [24/Apr/2016:13:02:18 +0800] "GET /js/bootstrap.min.js HTTP/1.1" 304 -
0:0:0:0:0:0:0:1 - - [24/Apr/2016:13:10:21 +0800] "GET /message/index HTTP/1.1" 200 1906
0:0:0:0:0:0:0:1 - - [24/Apr/2016:13:10:21 +0800] "GET /js/jquery.min.js HTTP/1.1" 304 -
0:0:0:0:0:0:0:1 - - [24/Apr/2016:13:10:21 +0800] "GET /css/bootstrap.min.css HTTP/1.1" 304 -
0:0:0:0:0:0:0:1 - - [24/Apr/2016:13:10:21 +0800] "GET /js/bootstrap.min.js HTTP/1.1" 304 -
0:0:0:0:0:0:0:1 - - [24/Apr/2016:13:10:22 +0800] "GET /js/bootstrap.message.js HTTP/1.1" 404 138
0:0:0:0:0:0:0:1 - - [24/Apr/2016:13:10:24 +0800] "GET /message/index HTTP/1.1" 200 1906
0:0:0:0:0:0:0:1 - - [24/Apr/2016:13:10:24 +0800] "GET /js/bootstrap.min.js HTTP/1.1" 304 -
0:0:0:0:0:0:0:1 - - [24/Apr/2016:13:10:24 +0800] "GET /css/bootstrap.min.css HTTP/1.1" 304 -
0:0:0:0:0:0:0:1 - - [24/Apr/2016:13:10:24 +0800] "GET /js/jquery.min.js HTTP/1.1" 304 -
0:0:0:0:0:0:0:1 - - [24/Apr/2016:13:10:24 +0800] "GET /js/bootstrap.message.js HTTP/1.1" 404 138
0:0:0:0:0:0:0:1 - - [24/Apr/2016:13:10:24 +0800] "GET /js/bootstrap.message.js HTTP/1.1" 404 138
0:0:0:0:0:0:0:1 - - [24/Apr/2016:13:10:37 +0800] "GET /message/index HTTP/1.1" 200 1896
0:0:0:0:0:0:0:1 - - [24/Apr/2016:13:10:37 +0800] "GET /js/jquery.min.js HTTP/1.1" 304 -
0:0:0:0:0:0:0:1 - - [24/Apr/2016:13:10:37 +0800] "GET /css/bootstrap.min.css HTTP/1.1" 304 -
0:0:0:0:0:0:0:1 - - [24/Apr/2016:13:10:37 +0800] "GET /js/bootstrap.min.js HTTP/1.1" 304 -
0:0:0:0:0:0:0:1 - - [24/Apr/2016:13:10:37 +0800] "GET /js/message.js HTTP/1.1" 200 9
0:0:0:0:0:0:0:1 - - [24/Apr/2016:13:30:22 +0800] "GET /message/index HTTP/1.1" 200 1930
0:0:0:0:0:0:0:1 - - [24/Apr/2016:13:30:22 +0800] "GET /css/bootstrap.min.css HTTP/1.1" 304 -
0:0:0:0:0:0:0:1 - - [24/Apr/2016:13:30:22 +0800] "GET /js/jquery.min.js HTTP/1.1" 304 -
0:0:0:0:0:0:0:1 - - [24/Apr/2016:13:30:22 +0800] "GET /js/message.js HTTP/1.1" 200 281
0:0:0:0:0:0:0:1 - - [24/Apr/2016:13:30:22 +0800] "GET /js/bootstrap.min.js HTTP/1.1" 304 -
0:0:0:0:0:0:0:1 - - [24/Apr/2016:13:34:54 +0800] "GET /message/index HTTP/1.1" 200 1930
0:0:0:0:0:0:0:1 - - [24/Apr/2016:13:35:04 +0800] "GET /css/bootstrap.min.css HTTP/1.1" 304 -
0:0:0:0:0:0:0:1 - - [24/Apr/2016:13:35:09 +0800] "GET /js/jquery.min.js HTTP/1.1" 304 -
0:0:0:0:0:0:0:1 - - [24/Apr/2016:13:35:09 +0800] "GET /js/bootstrap.min.js HTTP/1.1" 304 -
0:0:0:0:0:0:0:1 - - [24/Apr/2016:13:35:09 +0800] "GET /js/message.js HTTP/1.1" 304 -
0:0:0:0:0:0:0:1 - - [24/Apr/2016:13:37:24 +0800] "GET /message/index HTTP/1.1" 200 1930
0:0:0:0:0:0:0:1 - - [24/Apr/2016:13:37:25 +0800] "GET /css/bootstrap.min.css HTTP/1.1" 304 -
0:0:0:0:0:0:0:1 - - [24/Apr/2016:13:37:29 +0800] "GET /js/jquery.min.js HTTP/1.1" 304 -
0:0:0:0:0:0:0:1 - - [24/Apr/2016:13:37:29 +0800] "GET /js/bootstrap.min.js HTTP/1.1" 304 -
0:0:0:0:0:0:0:1 - - [24/Apr/2016:13:37:30 +0800] "GET /js/message.js HTTP/1.1" 304 -
0:0:0:0:0:0:0:1 - - [24/Apr/2016:13:37:57 +0800] "GET /message/index HTTP/1.1" 200 1930
0:0:0:0:0:0:0:1 - - [24/Apr/2016:13:37:57 +0800] "GET /css/bootstrap.min.css HTTP/1.1" 304 -
0:0:0:0:0:0:0:1 - - [24/Apr/2016:13:37:57 +0800] "GET /js/jquery.min.js HTTP/1.1" 304 -
0:0:0:0:0:0:0:1 - - [24/Apr/2016:13:37:58 +0800] "GET /js/bootstrap.min.js HTTP/1.1" 304 -
0:0:0:0:0:0:0:1 - - [24/Apr/2016:13:37:59 +0800] "GET /js/message.js HTTP/1.1" 304 -
0:0:0:0:0:0:0:1 - - [24/Apr/2016:15:28:06 +0800] "GET /message/index HTTP/1.1" 200 1930
0:0:0:0:0:0:0:1 - - [24/Apr/2016:15:28:06 +0800] "GET /css/bootstrap.min.css HTTP/1.1" 304 -
0:0:0:0:0:0:0:1 - - [24/Apr/2016:15:28:06 +0800] "GET /js/jquery.min.js HTTP/1.1" 304 -
0:0:0:0:0:0:0:1 - - [24/Apr/2016:15:28:06 +0800] "GET /js/bootstrap.min.js HTTP/1.1" 304 -
0:0:0:0:0:0:0:1 - - [24/Apr/2016:15:28:06 +0800] "GET /js/message.js HTTP/1.1" 200 310
0:0:0:0:0:0:0:1 - - [24/Apr/2016:15:29:40 +0800] "GET /message/index HTTP/1.1" 200 1930
0:0:0:0:0:0:0:1 - - [24/Apr/2016:15:29:40 +0800] "GET /js/bootstrap.min.js HTTP/1.1" 304 -
0:0:0:0:0:0:0:1 - - [24/Apr/2016:15:29:40 +0800] "GET /js/jquery.min.js HTTP/1.1" 304 -
0:0:0:0:0:0:0:1 - - [24/Apr/2016:15:29:40 +0800] "GET /js/message.js HTTP/1.1" 304 -
0:0:0:0:0:0:0:1 - - [24/Apr/2016:15:29:40 +0800] "GET /css/bootstrap.min.css HTTP/1.1" 304 -
0:0:0:0:0:0:0:1 - - [24/Apr/2016:15:29:48 +0800] "GET /js/jquery.min.map HTTP/1.1" 404 306
0:0:0:0:0:0:0:1 - - [24/Apr/2016:15:31:17 +0800] "GET /message/index HTTP/1.1" 200 1930
0:0:0:0:0:0:0:1 - - [24/Apr/2016:15:31:47 +0800] "GET /message/index HTTP/1.1" 200 1930
0:0:0:0:0:0:0:1 - - [24/Apr/2016:15:31:52 +0800] "GET /message/index HTTP/1.1" 200 1930
0:0:0:0:0:0:0:1 - - [24/Apr/2016:15:33:09 +0800] "GET /message/index HTTP/1.1" 200 1930
0:0:0:0:0:0:0:1 - - [24/Apr/2016:15:34:42 +0800] "GET /message/index HTTP/1.1" 200 1930
0:0:0:0:0:0:0:1 - - [24/Apr/2016:15:35:04 +0800] "GET /message/index HTTP/1.1" 200 1930
0:0:0:0:0:0:0:1 - - [24/Apr/2016:15:36:01 +0800] "GET /weather/own/today HTTP/1.1" 404 306
0:0:0:0:0:0:0:1 - - [24/Apr/2016:15:36:15 +0800] "GET /message/index HTTP/1.1" 200 1930
0:0:0:0:0:0:0:1 - - [24/Apr/2016:15:36:16 +0800] "GET /css/bootstrap.min.css HTTP/1.1" 304 -
0:0:0:0:0:0:0:1 - - [24/Apr/2016:15:36:16 +0800] "GET /js/jquery.min.js HTTP/1.1" 304 -
0:0:0:0:0:0:0:1 - - [24/Apr/2016:15:36:17 +0800] "GET /js/bootstrap.min.js HTTP/1.1" 304 -
0:0:0:0:0:0:0:1 - - [24/Apr/2016:15:36:17 +0800] "GET /js/message.js HTTP/1.1" 200 310
0:0:0:0:0:0:0:1 - - [24/Apr/2016:15:37:58 +0800] "GET /message/index HTTP/1.1" 200 1930
0:0:0:0:0:0:0:1 - - [24/Apr/2016:15:37:58 +0800] "GET /js/jquery.min.js HTTP/1.1" 304 -
0:0:0:0:0:0:0:1 - - [24/Apr/2016:15:37:58 +0800] "GET /css/bootstrap.min.css HTTP/1.1" 304 -
0:0:0:0:0:0:0:1 - - [24/Apr/2016:15:37:58 +0800] "GET /js/bootstrap.min.js HTTP/1.1" 304 -
0:0:0:0:0:0:0:1 - - [24/Apr/2016:15:37:58 +0800] "GET /js/message.js HTTP/1.1" 200 322
0:0:0:0:0:0:0:1 - - [24/Apr/2016:15:38:03 +0800] "GET /message/index HTTP/1.1" 200 1930
0:0:0:0:0:0:0:1 - - [24/Apr/2016:15:38:03 +0800] "GET /css/bootstrap.min.css HTTP/1.1" 304 -
0:0:0:0:0:0:0:1 - - [24/Apr/2016:15:38:03 +0800] "GET /js/message.js HTTP/1.1" 304 -
0:0:0:0:0:0:0:1 - - [24/Apr/2016:15:38:03 +0800] "GET /js/bootstrap.min.js HTTP/1.1" 304 -
0:0:0:0:0:0:0:1 - - [24/Apr/2016:15:38:03 +0800] "GET /js/jquery.min.js HTTP/1.1" 304 -
0:0:0:0:0:0:0:1 - - [24/Apr/2016:15:38:03 +0800] "GET /message/index HTTP/1.1" 200 1930
0:0:0:0:0:0:0:1 - - [24/Apr/2016:15:38:03 +0800] "GET /css/bootstrap.min.css HTTP/1.1" 304 -
0:0:0:0:0:0:0:1 - - [24/Apr/2016:15:38:03 +0800] "GET /js/jquery.min.js HTTP/1.1" 304 -
0:0:0:0:0:0:0:1 - - [24/Apr/2016:15:38:03 +0800] "GET /js/bootstrap.min.js HTTP/1.1" 304 -
0:0:0:0:0:0:0:1 - - [24/Apr/2016:15:38:03 +0800] "GET /js/message.js HTTP/1.1" 304 -
0:0:0:0:0:0:0:1 - - [24/Apr/2016:15:38:03 +0800] "GET /message/index HTTP/1.1" 200 1930
0:0:0:0:0:0:0:1 - - [24/Apr/2016:15:38:03 +0800] "GET /js/jquery.min.js HTTP/1.1" 304 -
0:0:0:0:0:0:0:1 - - [24/Apr/2016:15:38:03 +0800] "GET /js/bootstrap.min.js HTTP/1.1" 304 -
0:0:0:0:0:0:0:1 - - [24/Apr/2016:15:38:03 +0800] "GET /js/message.js HTTP/1.1" 304 -
0:0:0:0:0:0:0:1 - - [24/Apr/2016:15:38:03 +0800] "GET /css/bootstrap.min.css HTTP/1.1" 304 -
0:0:0:0:0:0:0:1 - - [24/Apr/2016:15:41:18 +0800] "GET /message/index HTTP/1.1" 200 1930
0:0:0:0:0:0:0:1 - - [24/Apr/2016:15:41:18 +0800] "GET /js/message.js HTTP/1.1" 200 318
0:0:0:0:0:0:0:1 - - [24/Apr/2016:15:41:26 +0800] "GET /message/all HTTP/1.1" 500 492
0:0:0:0:0:0:0:1 - - [24/Apr/2016:15:41:35 +0800] "GET /message/index HTTP/1.1" 200 1930
0:0:0:0:0:0:0:1 - - [24/Apr/2016:15:41:37 +0800] "GET /message/index HTTP/1.1" 200 1930
0:0:0:0:0:0:0:1 - - [24/Apr/2016:15:41:38 +0800] "GET /message/index HTTP/1.1" 200 1930
0:0:0:0:0:0:0:1 - - [24/Apr/2016:15:41:43 +0800] "GET /message/index HTTP/1.1" 200 1930
0:0:0:0:0:0:0:1 - - [24/Apr/2016:15:41:43 +0800] "GET /message/index HTTP/1.1" 200 1930
0:0:0:0:0:0:0:1 - - [24/Apr/2016:15:41:43 +0800] "GET /message/index HTTP/1.1" 200 1930
0:0:0:0:0:0:0:1 - - [24/Apr/2016:15:41:44 +0800] "GET /message/index HTTP/1.1" 200 1930
0:0:0:0:0:0:0:1 - - [24/Apr/2016:15:41:45 +0800] "GET /message/index HTTP/1.1" 200 1930
0:0:0:0:0:0:0:1 - - [24/Apr/2016:15:41:45 +0800] "GET /message/index HTTP/1.1" 200 1930
0:0:0:0:0:0:0:1 - - [24/Apr/2016:15:46:13 +0800] "GET /message/index HTTP/1.1" 200 1930
0:0:0:0:0:0:0:1 - - [24/Apr/2016:15:46:13 +0800] "GET /js/message.js HTTP/1.1" 304 -
0:0:0:0:0:0:0:1 - - [24/Apr/2016:15:46:13 +0800] "GET /js/bootstrap.min.js HTTP/1.1" 304 -
0:0:0:0:0:0:0:1 - - [24/Apr/2016:15:46:13 +0800] "GET /css/bootstrap.min.css HTTP/1.1" 304 -
0:0:0:0:0:0:0:1 - - [24/Apr/2016:15:46:13 +0800] "GET /js/jquery.min.js HTTP/1.1" 304 -
0:0:0:0:0:0:0:1 - - [24/Apr/2016:15:46:13 +0800] "GET /favicon.ico HTTP/1.1" 200 946
0:0:0:0:0:0:0:1 - - [24/Apr/2016:15:46:18 +0800] "GET /message/all HTTP/1.1" 500 492
0:0:0:0:0:0:0:1 - - [24/Apr/2016:15:47:24 +0800] "GET /message/index HTTP/1.1" 200 1930
0:0:0:0:0:0:0:1 - - [24/Apr/2016:15:47:24 +0800] "GET /js/bootstrap.min.js HTTP/1.1" 304 -
0:0:0:0:0:0:0:1 - - [24/Apr/2016:15:47:24 +0800] "GET /js/jquery.min.js HTTP/1.1" 304 -
0:0:0:0:0:0:0:1 - - [24/Apr/2016:15:47:24 +0800] "GET /js/message.js HTTP/1.1" 200 307
0:0:0:0:0:0:0:1 - - [24/Apr/2016:15:47:24 +0800] "GET /css/bootstrap.min.css HTTP/1.1" 304 -
0:0:0:0:0:0:0:1 - - [24/Apr/2016:15:47:25 +0800] "GET /favicon.ico HTTP/1.1" 200 946
0:0:0:0:0:0:0:1 - - [24/Apr/2016:15:47:25 +0800] "GET /message/index HTTP/1.1" 200 1930
0:0:0:0:0:0:0:1 - - [24/Apr/2016:15:47:25 +0800] "GET /css/bootstrap.min.css HTTP/1.1" 304 -
0:0:0:0:0:0:0:1 - - [24/Apr/2016:15:47:25 +0800] "GET /js/jquery.min.js HTTP/1.1" 304 -
0:0:0:0:0:0:0:1 - - [24/Apr/2016:15:47:25 +0800] "GET /js/bootstrap.min.js HTTP/1.1" 304 -
0:0:0:0:0:0:0:1 - - [24/Apr/2016:15:47:25 +0800] "GET /js/message.js HTTP/1.1" 304 -
0:0:0:0:0:0:0:1 - - [24/Apr/2016:15:47:25 +0800] "GET /favicon.ico HTTP/1.1" 200 946
0:0:0:0:0:0:0:1 - - [24/Apr/2016:15:47:25 +0800] "GET /message/index HTTP/1.1" 200 1930
0:0:0:0:0:0:0:1 - - [24/Apr/2016:15:47:25 +0800] "GET /css/bootstrap.min.css HTTP/1.1" 304 -
0:0:0:0:0:0:0:1 - - [24/Apr/2016:15:47:25 +0800] "GET /js/bootstrap.min.js HTTP/1.1" 304 -
0:0:0:0:0:0:0:1 - - [24/Apr/2016:15:47:25 +0800] "GET /js/message.js HTTP/1.1" 304 -
0:0:0:0:0:0:0:1 - - [24/Apr/2016:15:47:25 +0800] "GET /js/jquery.min.js HTTP/1.1" 304 -
0:0:0:0:0:0:0:1 - - [24/Apr/2016:15:47:25 +0800] "GET /favicon.ico HTTP/1.1" 200 946
0:0:0:0:0:0:0:1 - - [24/Apr/2016:15:47:26 +0800] "GET /message/all HTTP/1.1" 500 492
0:0:0:0:0:0:0:1 - - [24/Apr/2016:15:47:26 +0800] "GET /message/all HTTP/1.1" 500 492
0:0:0:0:0:0:0:1 - - [24/Apr/2016:15:47:29 +0800] "GET /message/all HTTP/1.1" 500 492
0:0:0:0:0:0:0:1 - - [24/Apr/2016:15:47:29 +0800] "GET /message/all HTTP/1.1" 500 492
0:0:0:0:0:0:0:1 - - [24/Apr/2016:15:47:30 +0800] "GET /message/all HTTP/1.1" 500 492
0:0:0:0:0:0:0:1 - - [24/Apr/2016:15:47:31 +0800] "GET /message/all HTTP/1.1" 500 492
0:0:0:0:0:0:0:1 - - [24/Apr/2016:15:47:31 +0800] "GET /message/all HTTP/1.1" 500 492
0:0:0:0:0:0:0:1 - - [24/Apr/2016:15:47:31 +0800] "GET /message/all HTTP/1.1" 500 492
0:0:0:0:0:0:0:1 - - [24/Apr/2016:15:47:31 +0800] "GET /message/all HTTP/1.1" 500 492
0:0:0:0:0:0:0:1 - - [24/Apr/2016:15:47:32 +0800] "GET /message/all HTTP/1.1" 500 492
0:0:0:0:0:0:0:1 - - [24/Apr/2016:15:47:32 +0800] "GET /message/all HTTP/1.1" 500 492
0:0:0:0:0:0:0:1 - - [24/Apr/2016:15:47:33 +0800] "GET /message/all HTTP/1.1" 500 492
0:0:0:0:0:0:0:1 - - [24/Apr/2016:15:47:33 +0800] "GET /message/all HTTP/1.1" 500 492
0:0:0:0:0:0:0:1 - - [24/Apr/2016:15:47:36 +0800] "GET /message/index HTTP/1.1" 200 1930
0:0:0:0:0:0:0:1 - - [24/Apr/2016:15:47:36 +0800] "GET /js/jquery.min.js HTTP/1.1" 304 -
0:0:0:0:0:0:0:1 - - [24/Apr/2016:15:47:36 +0800] "GET /js/message.js HTTP/1.1" 304 -
0:0:0:0:0:0:0:1 - - [24/Apr/2016:15:47:36 +0800] "GET /js/bootstrap.min.js HTTP/1.1" 304 -
0:0:0:0:0:0:0:1 - - [24/Apr/2016:15:47:36 +0800] "GET /css/bootstrap.min.css HTTP/1.1" 304 -
0:0:0:0:0:0:0:1 - - [24/Apr/2016:15:47:36 +0800] "GET /favicon.ico HTTP/1.1" 200 946
0:0:0:0:0:0:0:1 - - [24/Apr/2016:15:47:36 +0800] "GET /message/index HTTP/1.1" 200 1930
0:0:0:0:0:0:0:1 - - [24/Apr/2016:15:47:37 +0800] "GET /css/bootstrap.min.css HTTP/1.1" 304 -
0:0:0:0:0:0:0:1 - - [24/Apr/2016:15:47:37 +0800] "GET /js/jquery.min.js HTTP/1.1" 304 -
0:0:0:0:0:0:0:1 - - [24/Apr/2016:15:47:37 +0800] "GET /js/bootstrap.min.js HTTP/1.1" 304 -
0:0:0:0:0:0:0:1 - - [24/Apr/2016:15:47:37 +0800] "GET /js/message.js HTTP/1.1" 304 -
0:0:0:0:0:0:0:1 - - [24/Apr/2016:15:47:37 +0800] "GET /favicon.ico HTTP/1.1" 200 946
0:0:0:0:0:0:0:1 - - [24/Apr/2016:15:47:37 +0800] "GET /message/index HTTP/1.1" 200 1930
0:0:0:0:0:0:0:1 - - [24/Apr/2016:15:47:37 +0800] "GET /css/bootstrap.min.css HTTP/1.1" 304 -
0:0:0:0:0:0:0:1 - - [24/Apr/2016:15:47:37 +0800] "GET /js/bootstrap.min.js HTTP/1.1" 304 -
0:0:0:0:0:0:0:1 - - [24/Apr/2016:15:47:37 +0800] "GET /js/message.js HTTP/1.1" 304 -
0:0:0:0:0:0:0:1 - - [24/Apr/2016:15:47:37 +0800] "GET /js/jquery.min.js HTTP/1.1" 304 -
0:0:0:0:0:0:0:1 - - [24/Apr/2016:15:47:37 +0800] "GET /favicon.ico HTTP/1.1" 200 946
0:0:0:0:0:0:0:1 - - [24/Apr/2016:15:47:37 +0800] "GET /message/index HTTP/1.1" 200 1930
0:0:0:0:0:0:0:1 - - [24/Apr/2016:15:47:37 +0800] "GET /css/bootstrap.min.css HTTP/1.1" 304 -
0:0:0:0:0:0:0:1 - - [24/Apr/2016:15:47:37 +0800] "GET /js/bootstrap.min.js HTTP/1.1" 304 -
0:0:0:0:0:0:0:1 - - [24/Apr/2016:15:47:37 +0800] "GET /js/jquery.min.js HTTP/1.1" 304 -
0:0:0:0:0:0:0:1 - - [24/Apr/2016:15:47:37 +0800] "GET /js/message.js HTTP/1.1" 304 -
0:0:0:0:0:0:0:1 - - [24/Apr/2016:15:47:37 +0800] "GET /favicon.ico HTTP/1.1" 200 946
0:0:0:0:0:0:0:1 - - [24/Apr/2016:15:47:38 +0800] "GET /message/all HTTP/1.1" 500 492
0:0:0:0:0:0:0:1 - - [24/Apr/2016:15:47:38 +0800] "GET /message/all HTTP/1.1" 500 492
0:0:0:0:0:0:0:1 - - [24/Apr/2016:15:47:38 +0800] "GET /message/all HTTP/1.1" 500 492
0:0:0:0:0:0:0:1 - - [24/Apr/2016:15:47:38 +0800] "GET /message/all HTTP/1.1" 500 492
0:0:0:0:0:0:0:1 - - [24/Apr/2016:15:47:58 +0800] "GET /message/all HTTP/1.1" 500 617
0:0:0:0:0:0:0:1 - - [24/Apr/2016:15:50:02 +0800] "GET /message/index HTTP/1.1" 200 1930
0:0:0:0:0:0:0:1 - - [24/Apr/2016:15:50:02 +0800] "GET /css/bootstrap.min.css HTTP/1.1" 304 -
0:0:0:0:0:0:0:1 - - [24/Apr/2016:15:50:02 +0800] "GET /js/jquery.min.js HTTP/1.1" 304 -
0:0:0:0:0:0:0:1 - - [24/Apr/2016:15:50:02 +0800] "GET /js/bootstrap.min.js HTTP/1.1" 304 -
0:0:0:0:0:0:0:1 - - [24/Apr/2016:15:50:02 +0800] "GET /js/message.js HTTP/1.1" 304 -
0:0:0:0:0:0:0:1 - - [24/Apr/2016:15:50:03 +0800] "GET /message/all HTTP/1.1" 500 492
0:0:0:0:0:0:0:1 - - [24/Apr/2016:15:50:05 +0800] "GET /message/all HTTP/1.1" 500 492
0:0:0:0:0:0:0:1 - - [24/Apr/2016:15:50:07 +0800] "GET /message/all HTTP/1.1" 500 492
0:0:0:0:0:0:0:1 - - [24/Apr/2016:15:50:08 +0800] "GET /message/all HTTP/1.1" 500 492
0:0:0:0:0:0:0:1 - - [24/Apr/2016:15:50:08 +0800] "GET /message/all HTTP/1.1" 500 492
0:0:0:0:0:0:0:1 - - [24/Apr/2016:15:50:09 +0800] "GET /message/all HTTP/1.1" 500 492
0:0:0:0:0:0:0:1 - - [24/Apr/2016:15:50:09 +0800] "GET /message/all HTTP/1.1" 500 492
0:0:0:0:0:0:0:1 - - [24/Apr/2016:15:50:10 +0800] "GET /message/all HTTP/1.1" 500 492
0:0:0:0:0:0:0:1 - - [24/Apr/2016:15:50:10 +0800] "GET /message/all HTTP/1.1" 500 492
0:0:0:0:0:0:0:1 - - [24/Apr/2016:15:50:10 +0800] "GET /message/all HTTP/1.1" 500 492
0:0:0:0:0:0:0:1 - - [24/Apr/2016:15:50:11 +0800] "GET /message/all HTTP/1.1" 500 492
0:0:0:0:0:0:0:1 - - [24/Apr/2016:15:50:11 +0800] "GET /message/all HTTP/1.1" 500 492
0:0:0:0:0:0:0:1 - - [24/Apr/2016:15:50:11 +0800] "GET /message/all HTTP/1.1" 500 492
0:0:0:0:0:0:0:1 - - [24/Apr/2016:15:50:11 +0800] "GET /message/all HTTP/1.1" 500 492
0:0:0:0:0:0:0:1 - - [24/Apr/2016:15:50:12 +0800] "GET /message/all HTTP/1.1" 500 492
0:0:0:0:0:0:0:1 - - [24/Apr/2016:15:50:12 +0800] "GET /message/all HTTP/1.1" 500 492
0:0:0:0:0:0:0:1 - - [24/Apr/2016:15:50:14 +0800] "GET /message/all HTTP/1.1" 500 492
0:0:0:0:0:0:0:1 - - [24/Apr/2016:15:50:14 +0800] "GET /message/all HTTP/1.1" 500 492
0:0:0:0:0:0:0:1 - - [24/Apr/2016:15:50:15 +0800] "GET /message/all HTTP/1.1" 500 492
0:0:0:0:0:0:0:1 - - [24/Apr/2016:15:50:15 +0800] "GET /message/all HTTP/1.1" 500 492
0:0:0:0:0:0:0:1 - - [24/Apr/2016:15:50:52 +0800] "GET /message/index HTTP/1.1" 200 1930
0:0:0:0:0:0:0:1 - - [24/Apr/2016:15:53:49 +0800] "GET /message/all HTTP/1.1" 500 492
0:0:0:0:0:0:0:1 - - [24/Apr/2016:15:53:49 +0800] "GET /message/all HTTP/1.1" 500 492
0:0:0:0:0:0:0:1 - - [24/Apr/2016:15:53:49 +0800] "GET /message/all HTTP/1.1" 500 492
0:0:0:0:0:0:0:1 - - [24/Apr/2016:15:53:50 +0800] "GET /message/all HTTP/1.1" 500 492
0:0:0:0:0:0:0:1 - - [24/Apr/2016:15:53:50 +0800] "GET /message/all HTTP/1.1" 500 492
0:0:0:0:0:0:0:1 - - [24/Apr/2016:15:53:50 +0800] "GET /message/all HTTP/1.1" 500 492
0:0:0:0:0:0:0:1 - - [24/Apr/2016:15:53:50 +0800] "GET /message/all HTTP/1.1" 500 492
0:0:0:0:0:0:0:1 - - [24/Apr/2016:15:53:51 +0800] "GET /message/all HTTP/1.1" 500 492
0:0:0:0:0:0:0:1 - - [24/Apr/2016:15:53:51 +0800] "GET /message/all HTTP/1.1" 500 492
0:0:0:0:0:0:0:1 - - [24/Apr/2016:15:53:51 +0800] "GET /message/all HTTP/1.1" 500 492
0:0:0:0:0:0:0:1 - - [24/Apr/2016:15:53:52 +0800] "GET /message/all HTTP/1.1" 500 492
0:0:0:0:0:0:0:1 - - [24/Apr/2016:15:53:52 +0800] "GET /message/all HTTP/1.1" 500 492
0:0:0:0:0:0:0:1 - - [24/Apr/2016:15:53:52 +0800] "GET /message/all HTTP/1.1" 500 492
0:0:0:0:0:0:0:1 - - [24/Apr/2016:15:53:52 +0800] "GET /message/all HTTP/1.1" 500 492
0:0:0:0:0:0:0:1 - - [24/Apr/2016:15:53:52 +0800] "GET /message/all HTTP/1.1" 500 492
0:0:0:0:0:0:0:1 - - [24/Apr/2016:15:53:53 +0800] "GET /message/all HTTP/1.1" 500 492
0:0:0:0:0:0:0:1 - - [24/Apr/2016:15:54:49 +0800] "GET /message/all HTTP/1.1" 500 617
0:0:0:0:0:0:0:1 - - [24/Apr/2016:15:58:17 +0800] "GET /message/all HTTP/1.1" 500 617
0:0:0:0:0:0:0:1 - - [24/Apr/2016:15:58:17 +0800] "GET /favicon.ico HTTP/1.1" 200 946
0:0:0:0:0:0:0:1 - - [24/Apr/2016:15:58:41 +0800] "GET /message/all HTTP/1.1" 500 617
0:0:0:0:0:0:0:1 - - [24/Apr/2016:15:58:41 +0800] "GET /favicon.ico HTTP/1.1" 200 946
0:0:0:0:0:0:0:1 - - [24/Apr/2016:15:58:41 +0800] "GET /message/all HTTP/1.1" 500 617
0:0:0:0:0:0:0:1 - - [24/Apr/2016:15:58:41 +0800] "GET /favicon.ico HTTP/1.1" 200 946
0:0:0:0:0:0:0:1 - - [24/Apr/2016:15:58:41 +0800] "GET /message/all HTTP/1.1" 500 617
0:0:0:0:0:0:0:1 - - [24/Apr/2016:15:58:41 +0800] "GET /favicon.ico HTTP/1.1" 200 946
0:0:0:0:0:0:0:1 - - [24/Apr/2016:15:58:41 +0800] "GET /message/all HTTP/1.1" 500 617
0:0:0:0:0:0:0:1 - - [24/Apr/2016:15:58:41 +0800] "GET /favicon.ico HTTP/1.1" 200 946
0:0:0:0:0:0:0:1 - - [24/Apr/2016:15:58:41 +0800] "GET /message/all HTTP/1.1" 500 617
0:0:0:0:0:0:0:1 - - [24/Apr/2016:15:58:41 +0800] "GET /favicon.ico HTTP/1.1" 200 946
0:0:0:0:0:0:0:1 - - [24/Apr/2016:15:59:30 +0800] "GET /message/all HTTP/1.1" 500 536
0:0:0:0:0:0:0:1 - - [24/Apr/2016:15:59:30 +0800] "GET /favicon.ico HTTP/1.1" 200 946
0:0:0:0:0:0:0:1 - - [24/Apr/2016:16:01:57 +0800] "GET /message/all HTTP/1.1" 500 536
0:0:0:0:0:0:0:1 - - [24/Apr/2016:16:01:57 +0800] "GET /favicon.ico HTTP/1.1" 200 946
0:0:0:0:0:0:0:1 - - [24/Apr/2016:16:02:01 +0800] "GET /message/all HTTP/1.1" 500 536
0:0:0:0:0:0:0:1 - - [24/Apr/2016:16:02:01 +0800] "GET /favicon.ico HTTP/1.1" 200 946
0:0:0:0:0:0:0:1 - - [24/Apr/2016:16:02:01 +0800] "GET /message/all HTTP/1.1" 500 536
0:0:0:0:0:0:0:1 - - [24/Apr/2016:16:02:01 +0800] "GET /favicon.ico HTTP/1.1" 200 946
0:0:0:0:0:0:0:1 - - [24/Apr/2016:16:02:02 +0800] "GET /message/all HTTP/1.1" 500 536
0:0:0:0:0:0:0:1 - - [24/Apr/2016:16:02:02 +0800] "GET /favicon.ico HTTP/1.1" 200 946
0:0:0:0:0:0:0:1 - - [24/Apr/2016:16:02:18 +0800] "GET /message/index HTTP/1.1" 200 1930
0:0:0:0:0:0:0:1 - - [24/Apr/2016:16:08:38 +0800] "GET /message/index HTTP/1.1" 200 1930
0:0:0:0:0:0:0:1 - - [24/Apr/2016:16:08:38 +0800] "GET /js/message.js HTTP/1.1" 200 307
0:0:0:0:0:0:0:1 - - [24/Apr/2016:16:08:46 +0800] "GET /message/all HTTP/1.1" 500 406
0:0:0:0:0:0:0:1 - - [24/Apr/2016:16:08:51 +0800] "GET /message/all HTTP/1.1" 500 406
0:0:0:0:0:0:0:1 - - [24/Apr/2016:16:20:36 +0800] "GET /message/index HTTP/1.1" 200 1930
0:0:0:0:0:0:0:1 - - [24/Apr/2016:16:21:14 +0800] "GET /message/index HTTP/1.1" 200 1930
0:0:0:0:0:0:0:1 - - [24/Apr/2016:16:26:05 +0800] "GET /message/index HTTP/1.1" 200 1930
0:0:0:0:0:0:0:1 - - [24/Apr/2016:16:26:09 +0800] "GET /message/index HTTP/1.1" 200 1930
0:0:0:0:0:0:0:1 - - [24/Apr/2016:16:26:10 +0800] "GET /message/index HTTP/1.1" 200 1930
0:0:0:0:0:0:0:1 - - [24/Apr/2016:16:26:14 +0800] "GET /message/index HTTP/1.1" 200 1930
0:0:0:0:0:0:0:1 - - [24/Apr/2016:16:30:45 +0800] "GET /message/index HTTP/1.1" 200 1930
0:0:0:0:0:0:0:1 - - [24/Apr/2016:16:40:29 +0800] "GET /message/index HTTP/1.1" 200 1930
0:0:0:0:0:0:0:1 - - [24/Apr/2016:16:40:29 +0800] "GET /js/message.js HTTP/1.1" 304 -
0:0:0:0:0:0:0:1 - - [24/Apr/2016:16:40:29 +0800] "GET /js/bootstrap.min.js HTTP/1.1" 304 -
0:0:0:0:0:0:0:1 - - [24/Apr/2016:16:40:29 +0800] "GET /js/jquery.min.js HTTP/1.1" 304 -
0:0:0:0:0:0:0:1 - - [24/Apr/2016:16:40:29 +0800] "GET /css/bootstrap.min.css HTTP/1.1" 304 -
0:0:0:0:0:0:0:1 - - [24/Apr/2016:16:40:31 +0800] "GET /message/all HTTP/1.1" 500 406
0:0:0:0:0:0:0:1 - - [24/Apr/2016:16:53:17 +0800] "GET /message/index HTTP/1.1" 200 1930
0:0:0:0:0:0:0:1 - - [24/Apr/2016:16:53:17 +0800] "GET /js/message.js HTTP/1.1" 304 -
0:0:0:0:0:0:0:1 - - [24/Apr/2016:16:53:28 +0800] "GET /message/all HTTP/1.1" 500 406
0:0:0:0:0:0:0:1 - - [24/Apr/2016:16:58:35 +0800] "GET /message/index HTTP/1.1" 200 1930
0:0:0:0:0:0:0:1 - - [24/Apr/2016:16:58:35 +0800] "GET /js/message.js HTTP/1.1" 304 -
0:0:0:0:0:0:0:1 - - [24/Apr/2016:16:58:37 +0800] "GET /message/all HTTP/1.1" 200 103
0:0:0:0:0:0:0:1 - - [24/Apr/2016:17:40:45 +0800] "GET /message/all HTTP/1.1" 200 103
0:0:0:0:0:0:0:1 - - [24/Apr/2016:18:24:05 +0800] "GET /message/index HTTP/1.1" 200 1930
0:0:0:0:0:0:0:1 - - [24/Apr/2016:18:24:54 +0800] "GET /message/index HTTP/1.1" 200 1930
0:0:0:0:0:0:0:1 - - [24/Apr/2016:18:24:57 +0800] "GET /js/bootstrap.min.js HTTP/1.1" 304 -
0:0:0:0:0:0:0:1 - - [24/Apr/2016:18:24:57 +0800] "GET /css/bootstrap.min.css HTTP/1.1" 304 -
0:0:0:0:0:0:0:1 - - [24/Apr/2016:18:24:57 +0800] "GET /js/message.js HTTP/1.1" 304 -
0:0:0:0:0:0:0:1 - - [24/Apr/2016:18:24:57 +0800] "GET /js/jquery.min.js HTTP/1.1" 304 -
0:0:0:0:0:0:0:1 - - [24/Apr/2016:18:25:04 +0800] "GET /message/all HTTP/1.1" 200 103
0:0:0:0:0:0:0:1 - - [24/Apr/2016:18:25:10 +0800] "GET /message/index HTTP/1.1" 200 1930
0:0:0:0:0:0:0:1 - - [24/Apr/2016:18:25:19 +0800] "GET /message/index HTTP/1.1" 200 1930
0:0:0:0:0:0:0:1 - - [24/Apr/2016:18:25:48 +0800] "GET /message/all HTTP/1.1" 200 103
0:0:0:0:0:0:0:1 - - [24/Apr/2016:18:26:04 +0800] "GET /message/index HTTP/1.1" 200 1930
0:0:0:0:0:0:0:1 - - [24/Apr/2016:18:26:12 +0800] "GET /message/index HTTP/1.1" 200 1930
0:0:0:0:0:0:0:1 - - [24/Apr/2016:18:31:18 +0800] "GET /message/index HTTP/1.1" 200 1930
0:0:0:0:0:0:0:1 - - [24/Apr/2016:18:31:18 +0800] "GET /css/bootstrap.min.css HTTP/1.1" 304 -
0:0:0:0:0:0:0:1 - - [24/Apr/2016:18:31:18 +0800] "GET /js/jquery.min.js HTTP/1.1" 304 -
0:0:0:0:0:0:0:1 - - [24/Apr/2016:18:31:18 +0800] "GET /js/bootstrap.min.js HTTP/1.1" 304 -
0:0:0:0:0:0:0:1 - - [24/Apr/2016:18:31:18 +0800] "GET /js/message.js HTTP/1.1" 304 -
0:0:0:0:0:0:0:1 - - [24/Apr/2016:18:31:18 +0800] "GET /favicon.ico HTTP/1.1" 200 946
0:0:0:0:0:0:0:1 - - [24/Apr/2016:18:31:19 +0800] "GET /message/all HTTP/1.1" 200 103
0:0:0:0:0:0:0:1 - - [24/Apr/2016:18:31:26 +0800] "GET /message/all HTTP/1.1" 200 103
0:0:0:0:0:0:0:1 - - [24/Apr/2016:18:31:57 +0800] "GET /message/all HTTP/1.1" 200 103
0:0:0:0:0:0:0:1 - - [24/Apr/2016:18:47:14 +0800] "GET /message/index HTTP/1.1" 200 1938
0:0:0:0:0:0:0:1 - - [24/Apr/2016:18:47:14 +0800] "GET /css/bootstrap.min.css HTTP/1.1" 304 -
0:0:0:0:0:0:0:1 - - [24/Apr/2016:18:47:14 +0800] "GET /js/message.js HTTP/1.1" 200 543
0:0:0:0:0:0:0:1 - - [24/Apr/2016:18:47:14 +0800] "GET /js/jquery.min.js HTTP/1.1" 304 -
0:0:0:0:0:0:0:1 - - [24/Apr/2016:18:47:14 +0800] "GET /js/bootstrap.min.js HTTP/1.1" 304 -
0:0:0:0:0:0:0:1 - - [24/Apr/2016:18:47:14 +0800] "GET /favicon.ico HTTP/1.1" 200 946
0:0:0:0:0:0:0:1 - - [24/Apr/2016:18:47:15 +0800] "GET /message/all HTTP/1.1" 200 175
0:0:0:0:0:0:0:1 - - [24/Apr/2016:18:47:16 +0800] "GET /message/all HTTP/1.1" 200 175
0:0:0:0:0:0:0:1 - - [24/Apr/2016:18:47:16 +0800] "GET /message/all HTTP/1.1" 200 175
0:0:0:0:0:0:0:1 - - [24/Apr/2016:18:47:17 +0800] "GET /message/all HTTP/1.1" 200 175
0:0:0:0:0:0:0:1 - - [24/Apr/2016:18:47:17 +0800] "GET /message/all HTTP/1.1" 200 175
0:0:0:0:0:0:0:1 - - [24/Apr/2016:18:47:17 +0800] "GET /message/all HTTP/1.1" 200 175
0:0:0:0:0:0:0:1 - - [24/Apr/2016:18:47:17 +0800] "GET /message/all HTTP/1.1" 200 175
0:0:0:0:0:0:0:1 - - [24/Apr/2016:18:47:18 +0800] "GET /message/all HTTP/1.1" 200 175
0:0:0:0:0:0:0:1 - - [24/Apr/2016:18:47:20 +0800] "GET /message/index HTTP/1.1" 200 1938
0:0:0:0:0:0:0:1 - - [24/Apr/2016:18:47:20 +0800] "GET /css/bootstrap.min.css HTTP/1.1" 304 -
0:0:0:0:0:0:0:1 - - [24/Apr/2016:18:47:20 +0800] "GET /js/jquery.min.js HTTP/1.1" 304 -
0:0:0:0:0:0:0:1 - - [24/Apr/2016:18:47:20 +0800] "GET /js/bootstrap.min.js HTTP/1.1" 304 -
0:0:0:0:0:0:0:1 - - [24/Apr/2016:18:47:20 +0800] "GET /js/message.js HTTP/1.1" 304 -
0:0:0:0:0:0:0:1 - - [24/Apr/2016:18:47:20 +0800] "GET /favicon.ico HTTP/1.1" 200 946
0:0:0:0:0:0:0:1 - - [24/Apr/2016:18:54:43 +0800] "GET /message/index HTTP/1.1" 200 1938
0:0:0:0:0:0:0:1 - - [24/Apr/2016:18:54:43 +0800] "GET /css/bootstrap.min.css HTTP/1.1" 304 -
0:0:0:0:0:0:0:1 - - [24/Apr/2016:18:54:43 +0800] "GET /js/bootstrap.min.js HTTP/1.1" 304 -
0:0:0:0:0:0:0:1 - - [24/Apr/2016:18:54:43 +0800] "GET /js/jquery.min.js HTTP/1.1" 304 -
0:0:0:0:0:0:0:1 - - [24/Apr/2016:18:54:43 +0800] "GET /js/message.js HTTP/1.1" 200 641
0:0:0:0:0:0:0:1 - - [24/Apr/2016:18:54:43 +0800] "GET /favicon.ico HTTP/1.1" 200 946
0:0:0:0:0:0:0:1 - - [24/Apr/2016:18:54:44 +0800] "GET /message/index HTTP/1.1" 200 1938
0:0:0:0:0:0:0:1 - - [24/Apr/2016:18:54:44 +0800] "GET /css/bootstrap.min.css HTTP/1.1" 304 -
0:0:0:0:0:0:0:1 - - [24/Apr/2016:18:54:44 +0800] "GET /js/bootstrap.min.js HTTP/1.1" 304 -
0:0:0:0:0:0:0:1 - - [24/Apr/2016:18:54:44 +0800] "GET /js/jquery.min.js HTTP/1.1" 304 -
0:0:0:0:0:0:0:1 - - [24/Apr/2016:18:54:44 +0800] "GET /js/message.js HTTP/1.1" 304 -
0:0:0:0:0:0:0:1 - - [24/Apr/2016:18:54:44 +0800] "GET /favicon.ico HTTP/1.1" 200 946
0:0:0:0:0:0:0:1 - - [24/Apr/2016:18:54:45 +0800] "GET /message/all HTTP/1.1" 200 175
0:0:0:0:0:0:0:1 - - [24/Apr/2016:18:54:52 +0800] "GET /message/all HTTP/1.1" 200 175
0:0:0:0:0:0:0:1 - - [24/Apr/2016:18:54:52 +0800] "GET /message/all HTTP/1.1" 200 175
0:0:0:0:0:0:0:1 - - [24/Apr/2016:18:54:52 +0800] "GET /message/all HTTP/1.1" 200 175
0:0:0:0:0:0:0:1 - - [24/Apr/2016:18:54:54 +0800] "GET /message/index HTTP/1.1" 200 1938
0:0:0:0:0:0:0:1 - - [24/Apr/2016:18:54:54 +0800] "GET /css/bootstrap.min.css HTTP/1.1" 304 -
0:0:0:0:0:0:0:1 - - [24/Apr/2016:18:54:54 +0800] "GET /js/jquery.min.js HTTP/1.1" 304 -
0:0:0:0:0:0:0:1 - - [24/Apr/2016:18:54:54 +0800] "GET /js/message.js HTTP/1.1" 304 -
0:0:0:0:0:0:0:1 - - [24/Apr/2016:18:54:54 +0800] "GET /js/bootstrap.min.js HTTP/1.1" 304 -
0:0:0:0:0:0:0:1 - - [24/Apr/2016:18:54:54 +0800] "GET /favicon.ico HTTP/1.1" 200 946
0:0:0:0:0:0:0:1 - - [24/Apr/2016:18:54:54 +0800] "GET /message/all HTTP/1.1" 200 175
0:0:0:0:0:0:0:1 - - [24/Apr/2016:18:54:55 +0800] "GET /message/all HTTP/1.1" 200 175
0:0:0:0:0:0:0:1 - - [24/Apr/2016:18:55:07 +0800] "GET /message/all HTTP/1.1" 200 175
0:0:0:0:0:0:0:1 - - [24/Apr/2016:18:55:08 +0800] "GET /message/all HTTP/1.1" 200 175
0:0:0:0:0:0:0:1 - - [24/Apr/2016:18:55:08 +0800] "GET /message/all HTTP/1.1" 200 175
0:0:0:0:0:0:0:1 - - [24/Apr/2016:19:02:43 +0800] "GET /message/index HTTP/1.1" 200 1938
0:0:0:0:0:0:0:1 - - [24/Apr/2016:19:02:43 +0800] "GET /css/bootstrap.min.css HTTP/1.1" 304 -
0:0:0:0:0:0:0:1 - - [24/Apr/2016:19:02:43 +0800] "GET /js/jquery.min.js HTTP/1.1" 304 -
0:0:0:0:0:0:0:1 - - [24/Apr/2016:19:02:43 +0800] "GET /js/bootstrap.min.js HTTP/1.1" 304 -
0:0:0:0:0:0:0:1 - - [24/Apr/2016:19:02:43 +0800] "GET /js/message.js HTTP/1.1" 200 776
0:0:0:0:0:0:0:1 - - [24/Apr/2016:19:02:43 +0800] "GET /favicon.ico HTTP/1.1" 200 946
0:0:0:0:0:0:0:1 - - [24/Apr/2016:19:02:44 +0800] "GET /message/all HTTP/1.1" 200 175
0:0:0:0:0:0:0:1 - - [24/Apr/2016:19:09:29 +0800] "GET /message/index HTTP/1.1" 200 1938
0:0:0:0:0:0:0:1 - - [24/Apr/2016:19:09:29 +0800] "GET /js/jquery.min.js HTTP/1.1" 304 -
0:0:0:0:0:0:0:1 - - [24/Apr/2016:19:09:29 +0800] "GET /js/message.js HTTP/1.1" 200 876
0:0:0:0:0:0:0:1 - - [24/Apr/2016:19:09:29 +0800] "GET /css/bootstrap.min.css HTTP/1.1" 304 -
0:0:0:0:0:0:0:1 - - [24/Apr/2016:19:09:29 +0800] "GET /js/bootstrap.min.js HTTP/1.1" 304 -
0:0:0:0:0:0:0:1 - - [24/Apr/2016:19:09:29 +0800] "GET /favicon.ico HTTP/1.1" 200 946
0:0:0:0:0:0:0:1 - - [24/Apr/2016:19:09:34 +0800] "GET /message/all HTTP/1.1" 200 175
0:0:0:0:0:0:0:1 - - [24/Apr/2016:19:10:00 +0800] "GET /message/index HTTP/1.1" 200 1938
0:0:0:0:0:0:0:1 - - [24/Apr/2016:19:10:01 +0800] "GET /css/bootstrap.min.css HTTP/1.1" 304 -
0:0:0:0:0:0:0:1 - - [24/Apr/2016:19:10:01 +0800] "GET /js/jquery.min.js HTTP/1.1" 304 -
0:0:0:0:0:0:0:1 - - [24/Apr/2016:19:10:01 +0800] "GET /js/bootstrap.min.js HTTP/1.1" 304 -
0:0:0:0:0:0:0:1 - - [24/Apr/2016:19:10:01 +0800] "GET /js/message.js HTTP/1.1" 200 882
0:0:0:0:0:0:0:1 - - [24/Apr/2016:19:10:03 +0800] "GET /message/all HTTP/1.1" 200 175
0:0:0:0:0:0:0:1 - - [24/Apr/2016:19:15:24 +0800] "GET /message/index HTTP/1.1" 200 2893
0:0:0:0:0:0:0:1 - - [24/Apr/2016:19:15:24 +0800] "GET /css/bootstrap.min.css HTTP/1.1" 304 -
0:0:0:0:0:0:0:1 - - [24/Apr/2016:19:15:24 +0800] "GET /js/bootstrap.min.js HTTP/1.1" 304 -
0:0:0:0:0:0:0:1 - - [24/Apr/2016:19:15:24 +0800] "GET /js/message.js HTTP/1.1" 200 886
0:0:0:0:0:0:0:1 - - [24/Apr/2016:19:15:24 +0800] "GET /js/jquery.min.js HTTP/1.1" 304 -
0:0:0:0:0:0:0:1 - - [24/Apr/2016:19:15:26 +0800] "GET /message/all HTTP/1.1" 200 175
0:0:0:0:0:0:0:1 - - [24/Apr/2016:19:24:40 +0800] "GET /message/index HTTP/1.1" 200 3546
0:0:0:0:0:0:0:1 - - [24/Apr/2016:19:24:40 +0800] "GET /css/bootstrap.min.css HTTP/1.1" 304 -
0:0:0:0:0:0:0:1 - - [24/Apr/2016:19:24:40 +0800] "GET /js/jquery.min.js HTTP/1.1" 304 -
0:0:0:0:0:0:0:1 - - [24/Apr/2016:19:24:40 +0800] "GET /js/bootstrap.min.js HTTP/1.1" 304 -
0:0:0:0:0:0:0:1 - - [24/Apr/2016:19:24:40 +0800] "GET /js/message.js HTTP/1.1" 304 -
0:0:0:0:0:0:0:1 - - [24/Apr/2016:19:24:41 +0800] "GET /message/all HTTP/1.1" 200 175
0:0:0:0:0:0:0:1 - - [24/Apr/2016:19:28:31 +0800] "GET /message/index HTTP/1.1" 200 3546
0:0:0:0:0:0:0:1 - - [24/Apr/2016:19:28:31 +0800] "GET /js/bootstrap.min.js HTTP/1.1" 304 -
0:0:0:0:0:0:0:1 - - [24/Apr/2016:19:28:31 +0800] "GET /css/bootstrap.min.css HTTP/1.1" 304 -
0:0:0:0:0:0:0:1 - - [24/Apr/2016:19:28:31 +0800] "GET /js/jquery.min.js HTTP/1.1" 304 -
0:0:0:0:0:0:0:1 - - [24/Apr/2016:19:28:31 +0800] "GET /js/message.js HTTP/1.1" 200 917
0:0:0:0:0:0:0:1 - - [24/Apr/2016:19:28:31 +0800] "GET /favicon.ico HTTP/1.1" 200 946
0:0:0:0:0:0:0:1 - - [24/Apr/2016:19:28:40 +0800] "GET /message/all HTTP/1.1" 200 175
0:0:0:0:0:0:0:1 - - [24/Apr/2016:19:28:44 +0800] "GET /message/all HTTP/1.1" 200 175
0:0:0:0:0:0:0:1 - - [24/Apr/2016:20:09:29 +0800] "GET /message/index HTTP/1.1" 200 3546
0:0:0:0:0:0:0:1 - - [24/Apr/2016:20:09:29 +0800] "GET /js/bootstrap.min.js HTTP/1.1" 304 -
0:0:0:0:0:0:0:1 - - [24/Apr/2016:20:09:29 +0800] "GET /css/bootstrap.min.css HTTP/1.1" 304 -
0:0:0:0:0:0:0:1 - - [24/Apr/2016:20:09:29 +0800] "GET /js/jquery.min.js HTTP/1.1" 304 -
0:0:0:0:0:0:0:1 - - [24/Apr/2016:20:09:29 +0800] "GET /js/message.js HTTP/1.1" 200 1046
0:0:0:0:0:0:0:1 - - [24/Apr/2016:20:09:31 +0800] "GET /message/all HTTP/1.1" 200 248
0:0:0:0:0:0:0:1 - - [24/Apr/2016:20:09:33 +0800] "GET /message/updatebyid?id=1 HTTP/1.1" 404 133
0:0:0:0:0:0:0:1 - - [24/Apr/2016:20:09:37 +0800] "GET /message/updatebyid?id=2 HTTP/1.1" 404 133
0:0:0:0:0:0:0:1 - - [24/Apr/2016:20:09:39 +0800] "GET /message/updatebyid?id=3 HTTP/1.1" 404 133
